04_Implement/02_Source/SaveMyMoneyV3/app/build/outputs/logs/manifest-merger-debug-report.txt
-- Merging decision tree log ---
manifest
ADDED from src\main\AndroidManifest.xml:2:1-40:12
INJECTED from src\main\AndroidManifest.xml:2:1-40:12
INJECTED from src\main\AndroidManifest.xml:2:1-40:12
INJECTED from src\main\AndroidManifest.xml:2:1-40:12
MERGED from [com.github.sundeepk:compact-calendar-view:3.0.0] AndroidManifest.xml:2:1-11:12
MERGED from [com.liferay.mobile:liferay-screens:4.0.1] AndroidManifest.xml:2:1-56:12
MERGED from [com.lsjwzh:recyclerviewpager:1.0.8] AndroidManifest.xml:2:1-14:12
MERGED from [com.android.support:design:28.0.0] AndroidManifest.xml:17:1-24:12
MERGED from [com.android.support:appcompat-v7:28.0.0] AndroidManifest.xml:17:1-22:12
MERGED from [com.android.support.constraint:constraint-layout:1.1.3] AndroidManifest.xml:2:1-11:12
MERGED from [com.google.android.gms:play-services-gcm:9.0.2] AndroidManifest.xml:16:1-25:12
MERGED from [com.google.android.gms:play-services-iid:9.0.2] AndroidManifest.xml:16:1-25:12
MERGED from [com.google.android.gms:play-services-base:9.0.2] AndroidManifest.xml:16:1-24:12
MERGED from [com.google.firebase:firebase-common:9.0.2] AndroidManifest.xml:2:1-13:12
MERGED from [com.google.android.gms:play-services-tasks:9.0.2] AndroidManifest.xml:2:1-6:12
MERGED from [com.google.android.gms:play-services-basement:9.0.2] AndroidManifest.xml:16:1-26:12
MERGED from [com.android.support:support-v4:28.0.0] AndroidManifest.xml:17:1-22:12
MERGED from [com.android.volley:volley:1.1.1] AndroidManifest.xml:2:1-11:12
MERGED from [com.android.support:exifinterface:27.1.1] AndroidManifest.xml:17:1-22:12
MERGED from [com.tbruyelle.rxpermissions:rxpermissions:0.9.4] AndroidManifest.xml:2:1-13:12
MERGED from [com.jakewharton.rxbinding:rxbinding:1.0.1] AndroidManifest.xml:2:1-8:12
MERGED from [com.android.support:support-media-compat:28.0.0] AndroidManifest.xml:17:1-22:12
MERGED from [com.android.support:support-fragment:28.0.0] AndroidManifest.xml:17:1-22:12
MERGED from [com.android.support:animated-vector-drawable:28.0.0] AndroidManifest.xml:17:1-22:12
MERGED from [com.android.support:recyclerview-v7:28.0.0] AndroidManifest.xml:17:1-22:12
MERGED from [com.android.support:support-core-ui:28.0.0] AndroidManifest.xml:17:1-22:12
MERGED from [com.android.support:support-core-utils:28.0.0] AndroidManifest.xml:17:1-22:12
MERGED from [com.android.support:support-vector-drawable:28.0.0] AndroidManifest.xml:17:1-22:12
MERGED from [com.android.support:loader:28.0.0] AndroidManifest.xml:17:1-22:12
MERGED from [com.android.support:viewpager:28.0.0] AndroidManifest.xml:17:1-22:12
MERGED from [com.android.support:coordinatorlayout:28.0.0] AndroidManifest.xml:17:1-22:12
MERGED from [com.android.support:drawerlayout:28.0.0] AndroidManifest.xml:17:1-22:12
MERGED from [com.android.support:slidingpanelayout:28.0.0] AndroidManifest.xml:17:1-22:12
MERGED from [com.android.support:customview:28.0.0] AndroidManifest.xml:17:1-22:12
MERGED from [com.android.support:swiperefreshlayout:28.0.0] AndroidManifest.xml:17:1-22:12
MERGED from [com.android.support:asynclayoutinflater:28.0.0] AndroidManifest.xml:17:1-22:12
MERGED from [com.android.support:transition:28.0.0] AndroidManifest.xml:17:1-22:12
MERGED from [com.liferay.mobile:liferay-push:1.1.1] AndroidManifest.xml:2:1-17:12
MERGED from [com.liferay.mobile:liferay-android-sdk:7.1.3] AndroidManifest.xml:2:1-28:12
MERGED from [net.openid:appauth:0.7.0] AndroidManifest.xml:15:1-46:12
MERGED from [com.android.support:customtabs:25.3.1] AndroidManifest.xml:17:1-28:12
MERGED from [com.android.support:support-compat:28.0.0] AndroidManifest.xml:17:1-24:12
MERGED from [com.android.support:versionedparcelable:28.0.0] AndroidManifest.xml:17:1-25:12
MERGED from [com.android.support:cursoradapter:28.0.0] AndroidManifest.xml:17:1-22:12
MERGED from [com.android.support:documentfile:28.0.0] AndroidManifest.xml:17:1-22:12
MERGED from [com.android.support:localbroadcastmanager:28.0.0] AndroidManifest.xml:17:1-22:12
MERGED from [com.android.support:print:28.0.0] AndroidManifest.xml:17:1-22:12
MERGED from [android.arch.lifecycle:viewmodel:1.1.1] AndroidManifest.xml:17:1-22:12
MERGED from [android.arch.lifecycle:livedata:1.1.1] AndroidManifest.xml:17:1-22:12
MERGED from [android.arch.lifecycle:livedata-core:1.1.1] AndroidManifest.xml:17:1-22:12
MERGED from [android.arch.lifecycle:runtime:1.1.1] AndroidManifest.xml:17:1-22:12
MERGED from [android.arch.core:runtime:1.1.1] AndroidManifest.xml:17:1-22:12
MERGED from [com.android.support:interpolator:28.0.0] AndroidManifest.xml:17:1-22:12
MERGED from [com.android.support:cardview-v7:28.0.0] AndroidManifest.xml:17:1-22:12
MERGED from [org.apache.cordova:framework:6.2.3] AndroidManifest.xml:20:1-27:12
MERGED from [io.reactivex:rxandroid:1.2.1] AndroidManifest.xml:15:1-21:12
MERGED from [com.snappydb:snappydb-lib:0.5.2] AndroidManifest.xml:2:1-13:12
INJECTED from src\main\AndroidManifest.xml:2:1-40:12
INJECTED from src\main\AndroidManifest.xml:2:1-40:12
INJECTED from src\main\AndroidManifest.xml:2:1-40:12
	package
		ADDED from src\main\AndroidManifest.xml:3:5-46
		INJECTED from src\main\AndroidManifest.xml
		INJECTED from src\main\AndroidManifest.xml
	android:versionName
		INJECTED from src\main\AndroidManifest.xml
		ADDED from src\main\AndroidManifest.xml:2:1-40:12
		INJECTED from src\main\AndroidManifest.xml
	android:versionCode
		INJECTED from src\main\AndroidManifest.xml
		ADDED from src\main\AndroidManifest.xml:2:1-40:12
		INJECTED from src\main\AndroidManifest.xml
	xmlns:android
		ADDED from src\main\AndroidManifest.xml:2:11-69
uses-permission#android.permission.INTERNET
ADDED from src\main\AndroidManifest.xml:5:5-8:11
MERGED from [com.liferay.mobile:liferay-screens:4.0.1] AndroidManifest.xml:11:5-67
MERGED from [com.liferay.mobile:liferay-screens:4.0.1] AndroidManifest.xml:11:5-67
MERGED from [com.google.android.gms:play-services-gcm:9.0.2] AndroidManifest.xml:22:5-67
MERGED from [com.google.android.gms:play-services-gcm:9.0.2] AndroidManifest.xml:22:5-67
MERGED from [com.google.android.gms:play-services-iid:9.0.2] AndroidManifest.xml:22:5-67
MERGED from [com.google.android.gms:play-services-iid:9.0.2] AndroidManifest.xml:22:5-67
MERGED from [net.openid:appauth:0.7.0] AndroidManifest.xml:24:5-67
MERGED from [net.openid:appauth:0.7.0] AndroidManifest.xml:24:5-67
	android:name
		ADDED from src\main\AndroidManifest.xml:7:9-51
application
ADDED from src\main\AndroidManifest.xml:10:5-38:19
MERGED from [com.liferay.mobile:liferay-screens:4.0.1] AndroidManifest.xml:15:5-54:19
MERGED from [com.liferay.mobile:liferay-screens:4.0.1] AndroidManifest.xml:15:5-54:19
MERGED from [com.lsjwzh:recyclerviewpager:1.0.8] AndroidManifest.xml:11:5-12:19
MERGED from [com.lsjwzh:recyclerviewpager:1.0.8] AndroidManifest.xml:11:5-12:19
MERGED from [com.android.support:design:28.0.0] AndroidManifest.xml:22:5-20
MERGED from [com.android.support:design:28.0.0] AndroidManifest.xml:22:5-20
MERGED from [com.android.support.constraint:constraint-layout:1.1.3] AndroidManifest.xml:9:5-20
MERGED from [com.android.support.constraint:constraint-layout:1.1.3] AndroidManifest.xml:9:5-20
MERGED from [com.google.android.gms:play-services-gcm:9.0.2] AndroidManifest.xml:24:5-20
MERGED from [com.google.android.gms:play-services-gcm:9.0.2] AndroidManifest.xml:24:5-20
MERGED from [com.google.android.gms:play-services-iid:9.0.2] AndroidManifest.xml:24:5-20
MERGED from [com.google.android.gms:play-services-iid:9.0.2] AndroidManifest.xml:24:5-20
MERGED from [com.google.android.gms:play-services-base:9.0.2] AndroidManifest.xml:19:5-23:19
MERGED from [com.google.android.gms:play-services-base:9.0.2] AndroidManifest.xml:19:5-23:19
MERGED from [com.google.firebase:firebase-common:9.0.2] AndroidManifest.xml:5:5-12:19
MERGED from [com.google.firebase:firebase-common:9.0.2] AndroidManifest.xml:5:5-12:19
MERGED from [com.google.android.gms:play-services-tasks:9.0.2] AndroidManifest.xml:5:5-20
MERGED from [com.google.android.gms:play-services-tasks:9.0.2] AndroidManifest.xml:5:5-20
MERGED from [com.google.android.gms:play-services-basement:9.0.2] AndroidManifest.xml:20:5-24:19
MERGED from [com.google.android.gms:play-services-basement:9.0.2] AndroidManifest.xml:20:5-24:19
MERGED from [com.android.volley:volley:1.1.1] AndroidManifest.xml:9:5-20
MERGED from [com.android.volley:volley:1.1.1] AndroidManifest.xml:9:5-20
MERGED from [com.tbruyelle.rxpermissions:rxpermissions:0.9.4] AndroidManifest.xml:11:5-20
MERGED from [com.tbruyelle.rxpermissions:rxpermissions:0.9.4] AndroidManifest.xml:11:5-20
MERGED from [com.liferay.mobile:liferay-push:1.1.1] AndroidManifest.xml:10:5-15:19
MERGED from [com.liferay.mobile:liferay-push:1.1.1] AndroidManifest.xml:10:5-15:19
MERGED from [com.liferay.mobile:liferay-android-sdk:7.1.3] AndroidManifest.xml:10:5-26:19
MERGED from [com.liferay.mobile:liferay-android-sdk:7.1.3] AndroidManifest.xml:10:5-26:19
MERGED from [net.openid:appauth:0.7.0] AndroidManifest.xml:26:5-44:19
MERGED from [net.openid:appauth:0.7.0] AndroidManifest.xml:26:5-44:19
MERGED from [com.android.support:customtabs:25.3.1] AndroidManifest.xml:26:5-20
MERGED from [com.android.support:customtabs:25.3.1] AndroidManifest.xml:26:5-20
MERGED from [com.android.support:support-compat:28.0.0] AndroidManifest.xml:22:5-94
MERGED from [com.android.support:support-compat:28.0.0] AndroidManifest.xml:22:5-94
MERGED from [com.android.support:versionedparcelable:28.0.0] AndroidManifest.xml:22:5-23:19
MERGED from [com.android.support:versionedparcelable:28.0.0] AndroidManifest.xml:22:5-23:19
MERGED from [com.snappydb:snappydb-lib:0.5.2] AndroidManifest.xml:11:5-20
MERGED from [com.snappydb:snappydb-lib:0.5.2] AndroidManifest.xml:11:5-20
	android:appComponentFactory
		ADDED from [com.android.support:support-compat:28.0.0] AndroidManifest.xml:22:18-91
	android:supportsRtl
		ADDED from src\main\AndroidManifest.xml:15:9-35
	android:label
		ADDED from src\main\AndroidManifest.xml:13:9-41
	android:roundIcon
		ADDED from src\main\AndroidManifest.xml:14:9-54
	android:icon
		ADDED from src\main\AndroidManifest.xml:12:9-43
	android:allowBackup
		ADDED from src\main\AndroidManifest.xml:11:9-35
	android:theme
		ADDED from src\main\AndroidManifest.xml:16:9-40
activity#com.example.black.savemymoneyv3.MainActivity
ADDED from src\main\AndroidManifest.xml:17:9-20:47
	android:label
		ADDED from src\main\AndroidManifest.xml:19:13-45
	android:theme
		ADDED from src\main\AndroidManifest.xml:20:13-44
	android:name
		ADDED from src\main\AndroidManifest.xml:18:13-41
activity#com.example.black.savemymoneyv3.DangNhap.StartActivity
ADDED from src\main\AndroidManifest.xml:21:9-27:20
	android:name
		ADDED from src\main\AndroidManifest.xml:21:19-57
intent-filter#action:name:android.intent.action.MAIN+category:name:android.intent.category.LAUNCHER
ADDED from src\main\AndroidManifest.xml:22:13-26:29
action#android.intent.action.MAIN
ADDED from src\main\AndroidManifest.xml:23:17-69
	android:name
		ADDED from src\main\AndroidManifest.xml:23:25-66
category#android.intent.category.LAUNCHER
ADDED from src\main\AndroidManifest.xml:25:17-77
	android:name
		ADDED from src\main\AndroidManifest.xml:25:27-74
activity#com.example.black.savemymoneyv3.DangNhap.DangKiActivity
ADDED from src\main\AndroidManifest.xml:28:9-61
	android:name
		ADDED from src\main\AndroidManifest.xml:28:19-58
activity#com.example.black.savemymoneyv3.mActivity.AddWallet
ADDED from src\main\AndroidManifest.xml:29:9-57
	android:name
		ADDED from src\main\AndroidManifest.xml:29:19-54
activity#com.example.black.savemymoneyv3.DangNhap.DangNhapActivity
ADDED from src\main\AndroidManifest.xml:30:9-63
	android:name
		ADDED from src\main\AndroidManifest.xml:30:19-60
activity#com.example.black.savemymoneyv3.mActivity.WalletInfoActivity
ADDED from src\main\AndroidManifest.xml:31:9-66
	android:name
		ADDED from src\main\AndroidManifest.xml:31:19-63
activity#com.example.black.savemymoneyv3.mActivity.AddPlanActivity
ADDED from src\main\AndroidManifest.xml:32:9-63
	android:name
		ADDED from src\main\AndroidManifest.xml:32:19-60
activity#com.example.black.savemymoneyv3.mActivity.AboutUsActivity
ADDED from src\main\AndroidManifest.xml:33:9-63
	android:name
		ADDED from src\main\AndroidManifest.xml:33:19-60
activity#com.example.black.savemymoneyv3.mActivity.AddMoneyActivity
ADDED from src\main\AndroidManifest.xml:34:9-64
	android:name
		ADDED from src\main\AndroidManifest.xml:34:19-61
activity#com.example.black.savemymoneyv3.DangNhap.AdminActivity
ADDED from src\main\AndroidManifest.xml:35:9-60
	android:name
		ADDED from src\main\AndroidManifest.xml:35:19-57
activity#com.example.black.savemymoneyv3.mActivity.BorrowActivity
ADDED from src\main\AndroidManifest.xml:36:9-62
	android:name
		ADDED from src\main\AndroidManifest.xml:36:19-59
activity#com.example.black.savemymoneyv3.mActivity.AddBorrowActivity
ADDED from src\main\AndroidManifest.xml:37:9-74
	android:name
		ADDED from src\main\AndroidManifest.xml:37:19-62
uses-sdk
INJECTED from src\main\AndroidManifest.xml reason: use-sdk injection requested
INJECTED from src\main\AndroidManifest.xml
INJECTED from src\main\AndroidManifest.xml
MERGED from [com.github.sundeepk:compact-calendar-view:3.0.0] AndroidManifest.xml:7:5-9:41
MERGED from [com.github.sundeepk:compact-calendar-view:3.0.0] AndroidManifest.xml:7:5-9:41
MERGED from [com.liferay.mobile:liferay-screens:4.0.1] AndroidManifest.xml:7:5-9:41
MERGED from [com.liferay.mobile:liferay-screens:4.0.1] AndroidManifest.xml:7:5-9:41
MERGED from [com.lsjwzh:recyclerviewpager:1.0.8] AndroidManifest.xml:7:5-9:41
MERGED from [com.lsjwzh:recyclerviewpager:1.0.8] AndroidManifest.xml:7:5-9:41
MERGED from [com.android.support:design:28.0.0] AndroidManifest.xml:20:5-44
MERGED from [com.android.support:design:28.0.0] AndroidManifest.xml:20:5-44
MERGED from [com.android.support:appcompat-v7:28.0.0] AndroidManifest.xml:20:5-44
MERGED from [com.android.support:appcompat-v7:28.0.0] AndroidManifest.xml:20:5-44
MERGED from [com.android.support.constraint:constraint-layout:1.1.3] AndroidManifest.xml:5:5-7:41
MERGED from [com.android.support.constraint:constraint-layout:1.1.3] AndroidManifest.xml:5:5-7:41
MERGED from [com.google.android.gms:play-services-gcm:9.0.2] AndroidManifest.xml:18:5-42
MERGED from [com.google.android.gms:play-services-gcm:9.0.2] AndroidManifest.xml:18:5-42
MERGED from [com.google.android.gms:play-services-iid:9.0.2] AndroidManifest.xml:18:5-42
MERGED from [com.google.android.gms:play-services-iid:9.0.2] AndroidManifest.xml:18:5-42
MERGED from [com.google.android.gms:play-services-base:9.0.2] AndroidManifest.xml:18:5-42
MERGED from [com.google.android.gms:play-services-base:9.0.2] AndroidManifest.xml:18:5-42
MERGED from [com.google.firebase:firebase-common:9.0.2] AndroidManifest.xml:4:5-43
MERGED from [com.google.firebase:firebase-common:9.0.2] AndroidManifest.xml:4:5-43
MERGED from [com.google.android.gms:play-services-tasks:9.0.2] AndroidManifest.xml:4:5-43
MERGED from [com.google.android.gms:play-services-tasks:9.0.2] AndroidManifest.xml:4:5-43
MERGED from [com.google.android.gms:play-services-basement:9.0.2] AndroidManifest.xml:18:5-42
MERGED from [com.google.android.gms:play-services-basement:9.0.2] AndroidManifest.xml:18:5-42
MERGED from [com.android.support:support-v4:28.0.0] AndroidManifest.xml:20:5-44
MERGED from [com.android.support:support-v4:28.0.0] AndroidManifest.xml:20:5-44
MERGED from [com.android.volley:volley:1.1.1] AndroidManifest.xml:7:5-43
MERGED from [com.android.volley:volley:1.1.1] AndroidManifest.xml:7:5-43
MERGED from [com.android.support:exifinterface:27.1.1] AndroidManifest.xml:20:5-44
MERGED from [com.android.support:exifinterface:27.1.1] AndroidManifest.xml:20:5-44
MERGED from [com.tbruyelle.rxpermissions:rxpermissions:0.9.4] AndroidManifest.xml:7:5-9:41
MERGED from [com.tbruyelle.rxpermissions:rxpermissions:0.9.4] AndroidManifest.xml:7:5-9:41
MERGED from [com.jakewharton.rxbinding:rxbinding:1.0.1] AndroidManifest.xml:6:5-44
MERGED from [com.jakewharton.rxbinding:rxbinding:1.0.1] AndroidManifest.xml:6:5-44
MERGED from [com.android.support:support-media-compat:28.0.0] AndroidManifest.xml:20:5-44
MERGED from [com.android.support:support-media-compat:28.0.0] AndroidManifest.xml:20:5-44
MERGED from [com.android.support:support-fragment:28.0.0] AndroidManifest.xml:20:5-44
MERGED from [com.android.support:support-fragment:28.0.0] AndroidManifest.xml:20:5-44
MERGED from [com.android.support:animated-vector-drawable:28.0.0] AndroidManifest.xml:20:5-44
MERGED from [com.android.support:animated-vector-drawable:28.0.0] AndroidManifest.xml:20:5-44
MERGED from [com.android.support:recyclerview-v7:28.0.0] AndroidManifest.xml:20:5-44
MERGED from [com.android.support:recyclerview-v7:28.0.0] AndroidManifest.xml:20:5-44
MERGED from [com.android.support:support-core-ui:28.0.0] AndroidManifest.xml:20:5-44
MERGED from [com.android.support:support-core-ui:28.0.0] AndroidManifest.xml:20:5-44
MERGED from [com.android.support:support-core-utils:28.0.0] AndroidManifest.xml:20:5-44
MERGED from [com.android.support:support-core-utils:28.0.0] AndroidManifest.xml:20:5-44
MERGED from [com.android.support:support-vector-drawable:28.0.0] AndroidManifest.xml:20:5-44
MERGED from [com.android.support:support-vector-drawable:28.0.0] AndroidManifest.xml:20:5-44
MERGED from [com.android.support:loader:28.0.0] AndroidManifest.xml:20:5-44
MERGED from [com.android.support:loader:28.0.0] AndroidManifest.xml:20:5-44
MERGED from [com.android.support:viewpager:28.0.0] AndroidManifest.xml:20:5-44
MERGED from [com.android.support:viewpager:28.0.0] AndroidManifest.xml:20:5-44
MERGED from [com.android.support:coordinatorlayout:28.0.0] AndroidManifest.xml:20:5-44
MERGED from [com.android.support:coordinatorlayout:28.0.0] AndroidManifest.xml:20:5-44
MERGED from [com.android.support:drawerlayout:28.0.0] AndroidManifest.xml:20:5-44
MERGED from [com.android.support:drawerlayout:28.0.0] AndroidManifest.xml:20:5-44
MERGED from [com.android.support:slidingpanelayout:28.0.0] AndroidManifest.xml:20:5-44
MERGED from [com.android.support:slidingpanelayout:28.0.0] AndroidManifest.xml:20:5-44
MERGED from [com.android.support:customview:28.0.0] AndroidManifest.xml:20:5-44
MERGED from [com.android.support:customview:28.0.0] AndroidManifest.xml:20:5-44
MERGED from [com.android.support:swiperefreshlayout:28.0.0] AndroidManifest.xml:20:5-44
MERGED from [com.android.support:swiperefreshlayout:28.0.0] AndroidManifest.xml:20:5-44
MERGED from [com.android.support:asynclayoutinflater:28.0.0] AndroidManifest.xml:20:5-44
MERGED from [com.android.support:asynclayoutinflater:28.0.0] AndroidManifest.xml:20:5-44
MERGED from [com.android.support:transition:28.0.0] AndroidManifest.xml:20:5-44
MERGED from [com.android.support:transition:28.0.0] AndroidManifest.xml:20:5-44
MERGED from [com.liferay.mobile:liferay-push:1.1.1] AndroidManifest.xml:6:5-8:41
MERGED from [com.liferay.mobile:liferay-push:1.1.1] AndroidManifest.xml:6:5-8:41
MERGED from [com.liferay.mobile:liferay-android-sdk:7.1.3] AndroidManifest.xml:6:5-8:41
MERGED from [com.liferay.mobile:liferay-android-sdk:7.1.3] AndroidManifest.xml:6:5-8:41
MERGED from [net.openid:appauth:0.7.0] AndroidManifest.xml:20:5-22:41
MERGED from [net.openid:appauth:0.7.0] AndroidManifest.xml:20:5-22:41
MERGED from [com.android.support:customtabs:25.3.1] AndroidManifest.xml:20:5-44
MERGED from [com.android.support:customtabs:25.3.1] AndroidManifest.xml:20:5-44
MERGED from [com.android.support:support-compat:28.0.0] AndroidManifest.xml:20:5-44
MERGED from [com.android.support:support-compat:28.0.0] AndroidManifest.xml:20:5-44
MERGED from [com.android.support:versionedparcelable:28.0.0] AndroidManifest.xml:20:5-44
MERGED from [com.android.support:versionedparcelable:28.0.0] AndroidManifest.xml:20:5-44
MERGED from [com.android.support:cursoradapter:28.0.0] AndroidManifest.xml:20:5-44
MERGED from [com.android.support:cursoradapter:28.0.0] AndroidManifest.xml:20:5-44
MERGED from [com.android.support:documentfile:28.0.0] AndroidManifest.xml:20:5-44
MERGED from [com.android.support:documentfile:28.0.0] AndroidManifest.xml:20:5-44
MERGED from [com.android.support:localbroadcastmanager:28.0.0] AndroidManifest.xml:20:5-44
MERGED from [com.android.support:localbroadcastmanager:28.0.0] AndroidManifest.xml:20:5-44
MERGED from [com.android.support:print:28.0.0] AndroidManifest.xml:20:5-44
MERGED from [com.android.support:print:28.0.0] AndroidManifest.xml:20:5-44
MERGED from [android.arch.lifecycle:viewmodel:1.1.1] AndroidManifest.xml:20:5-44
MERGED from [android.arch.lifecycle:viewmodel:1.1.1] AndroidManifest.xml:20:5-44
MERGED from [android.arch.lifecycle:livedata:1.1.1] AndroidManifest.xml:20:5-44
MERGED from [android.arch.lifecycle:livedata:1.1.1] AndroidManifest.xml:20:5-44
MERGED from [android.arch.lifecycle:livedata-core:1.1.1] AndroidManifest.xml:20:5-44
MERGED from [android.arch.lifecycle:livedata-core:1.1.1] AndroidManifest.xml:20:5-44
MERGED from [android.arch.lifecycle:runtime:1.1.1] AndroidManifest.xml:20:5-44
MERGED from [android.arch.lifecycle:runtime:1.1.1] AndroidManifest.xml:20:5-44
MERGED from [android.arch.core:runtime:1.1.1] AndroidManifest.xml:20:5-44
MERGED from [android.arch.core:runtime:1.1.1] AndroidManifest.xml:20:5-44
MERGED from [com.android.support:interpolator:28.0.0] AndroidManifest.xml:20:5-44
MERGED from [com.android.support:interpolator:28.0.0] AndroidManifest.xml:20:5-44
MERGED from [com.android.support:cardview-v7:28.0.0] AndroidManifest.xml:20:5-44
MERGED from [com.android.support:cardview-v7:28.0.0] AndroidManifest.xml:20:5-44
MERGED from [org.apache.cordova:framework:6.2.3] AndroidManifest.xml:25:5-44
MERGED from [org.apache.cordova:framework:6.2.3] AndroidManifest.xml:25:5-44
MERGED from [io.reactivex:rxandroid:1.2.1] AndroidManifest.xml:19:5-43
MERGED from [io.reactivex:rxandroid:1.2.1] AndroidManifest.xml:19:5-43
MERGED from [com.snappydb:snappydb-lib:0.5.2] AndroidManifest.xml:7:5-9:41
MERGED from [com.snappydb:snappydb-lib:0.5.2] AndroidManifest.xml:7:5-9:41
INJECTED from src\main\AndroidManifest.xml
INJECTED from src\main\AndroidManifest.xml
	android:targetSdkVersion
		INJECTED from src\main\AndroidManifest.xml
		ADDED from src\main\AndroidManifest.xml
		INJECTED from src\main\AndroidManifest.xml
	android:minSdkVersion
		INJECTED from src\main\AndroidManifest.xml
		ADDED from src\main\AndroidManifest.xml
		INJECTED from src\main\AndroidManifest.xml
uses-permission#android.permission.ACCESS_NETWORK_STATE
ADDED from [com.liferay.mobile:liferay-screens:4.0.1] AndroidManifest.xml:12:5-79
	android:name
		ADDED from [com.liferay.mobile:liferay-screens:4.0.1] AndroidManifest.xml:12:22-76
uses-permission#android.permission.WAKE_LOCK
ADDED from [com.liferay.mobile:liferay-screens:4.0.1] AndroidManifest.xml:13:5-68
	android:name
		ADDED from [com.liferay.mobile:liferay-screens:4.0.1] AndroidManifest.xml:13:22-65
activity#com.liferay.mobile.screens.base.MediaStoreRequestShadowActivity
ADDED from [com.liferay.mobile:liferay-screens:4.0.1] AndroidManifest.xml:16:9-100
	android:name
		ADDED from [com.liferay.mobile:liferay-screens:4.0.1] AndroidManifest.xml:16:19-97
activity#com.liferay.mobile.screens.viewsets.defaultviews.imagegallery.DetailImageActivity
ADDED from [com.liferay.mobile:liferay-screens:4.0.1] AndroidManifest.xml:17:9-19:52
	android:theme
		ADDED from [com.liferay.mobile:liferay-screens:4.0.1] AndroidManifest.xml:19:13-49
	android:name
		ADDED from [com.liferay.mobile:liferay-screens:4.0.1] AndroidManifest.xml:18:13-109
provider#com.liferay.mobile.screens.ScreensInitProvider
ADDED from [com.liferay.mobile:liferay-screens:4.0.1] AndroidManifest.xml:21:9-25:40
	android:enabled
		ADDED from [com.liferay.mobile:liferay-screens:4.0.1] AndroidManifest.xml:24:13-35
	android:authorities
		ADDED from [com.liferay.mobile:liferay-screens:4.0.1] AndroidManifest.xml:23:13-71
	android:exported
		ADDED from [com.liferay.mobile:liferay-screens:4.0.1] AndroidManifest.xml:25:13-37
	android:name
		ADDED from [com.liferay.mobile:liferay-screens:4.0.1] AndroidManifest.xml:22:13-74
receiver#com.liferay.mobile.screens.cache.CacheReceiver
ADDED from [com.liferay.mobile:liferay-screens:4.0.1] AndroidManifest.xml:27:9-35:20
	android:exported
		ADDED from [com.liferay.mobile:liferay-screens:4.0.1] AndroidManifest.xml:29:13-37
	android:name
		ADDED from [com.liferay.mobile:liferay-screens:4.0.1] AndroidManifest.xml:28:13-74
intent-filter#action:name:android.net.conn.CONNECTIVITY_CHANGE+action:name:com.liferay.mobile.screens.auth.login.success+action:name:com.liferay.mobile.screens.cache.resync
ADDED from [com.liferay.mobile:liferay-screens:4.0.1] AndroidManifest.xml:30:13-34:29
action#com.liferay.mobile.screens.auth.login.success
ADDED from [com.liferay.mobile:liferay-screens:4.0.1] AndroidManifest.xml:31:17-88
	android:name
		ADDED from [com.liferay.mobile:liferay-screens:4.0.1] AndroidManifest.xml:31:25-85
action#com.liferay.mobile.screens.cache.resync
ADDED from [com.liferay.mobile:liferay-screens:4.0.1] AndroidManifest.xml:32:17-82
	android:name
		ADDED from [com.liferay.mobile:liferay-screens:4.0.1] AndroidManifest.xml:32:25-79
action#android.net.conn.CONNECTIVITY_CHANGE
ADDED from [com.liferay.mobile:liferay-screens:4.0.1] AndroidManifest.xml:33:17-79
	android:name
		ADDED from [com.liferay.mobile:liferay-screens:4.0.1] AndroidManifest.xml:33:25-76
service#com.liferay.mobile.screens.ddl.form.service.UploadService
ADDED from [com.liferay.mobile:liferay-screens:4.0.1] AndroidManifest.xml:37:9-93
	android:name
		ADDED from [com.liferay.mobile:liferay-screens:4.0.1] AndroidManifest.xml:37:18-90
service#com.liferay.mobile.screens.userportrait.interactor.upload.UserPortraitService
ADDED from [com.liferay.mobile:liferay-screens:4.0.1] AndroidManifest.xml:38:9-113
	android:name
		ADDED from [com.liferay.mobile:liferay-screens:4.0.1] AndroidManifest.xml:38:18-110
service#com.liferay.mobile.screens.imagegallery.interactor.upload.ImageGalleryUploadService
ADDED from [com.liferay.mobile:liferay-screens:4.0.1] AndroidManifest.xml:39:9-119
	android:name
		ADDED from [com.liferay.mobile:liferay-screens:4.0.1] AndroidManifest.xml:39:18-116
service#com.liferay.mobile.screens.dlfile.display.DownloadService
ADDED from [com.liferay.mobile:liferay-screens:4.0.1] AndroidManifest.xml:40:9-93
	android:name
		ADDED from [com.liferay.mobile:liferay-screens:4.0.1] AndroidManifest.xml:40:18-90
service#com.liferay.mobile.screens.cache.CacheSyncService
ADDED from [com.liferay.mobile:liferay-screens:4.0.1] AndroidManifest.xml:41:9-43:40
	android:exported
		ADDED from [com.liferay.mobile:liferay-screens:4.0.1] AndroidManifest.xml:43:13-37
	android:name
		ADDED from [com.liferay.mobile:liferay-screens:4.0.1] AndroidManifest.xml:42:13-77
provider#com.liferay.mobile.screens.base.ScreensFileProvider
ADDED from [com.liferay.mobile:liferay-screens:4.0.1] AndroidManifest.xml:45:9-53:20
	android:grantUriPermissions
		ADDED from [com.liferay.mobile:liferay-screens:4.0.1] AndroidManifest.xml:49:13-47
	android:authorities
		ADDED from [com.liferay.mobile:liferay-screens:4.0.1] AndroidManifest.xml:47:13-72
	android:exported
		ADDED from [com.liferay.mobile:liferay-screens:4.0.1] AndroidManifest.xml:48:13-37
	android:name
		ADDED from [com.liferay.mobile:liferay-screens:4.0.1] AndroidManifest.xml:46:13-79
meta-data#android.support.FILE_PROVIDER_PATHS
ADDED from [com.liferay.mobile:liferay-screens:4.0.1] AndroidManifest.xml:50:13-52:54
	android:resource
		ADDED from [com.liferay.mobile:liferay-screens:4.0.1] AndroidManifest.xml:52:17-51
	android:name
		ADDED from [com.liferay.mobile:liferay-screens:4.0.1] AndroidManifest.xml:51:17-67
uses-permission#com.google.android.c2dm.permission.RECEIVE
ADDED from [com.google.android.gms:play-services-gcm:9.0.2] AndroidManifest.xml:21:5-82
MERGED from [com.google.android.gms:play-services-iid:9.0.2] AndroidManifest.xml:21:5-82
MERGED from [com.google.android.gms:play-services-iid:9.0.2] AndroidManifest.xml:21:5-82
	android:name
		ADDED from [com.google.android.gms:play-services-gcm:9.0.2] AndroidManifest.xml:21:22-79
activity#com.google.android.gms.common.api.GoogleApiActivity
ADDED from [com.google.android.gms:play-services-base:9.0.2] AndroidManifest.xml:20:9-22:45
	android:exported
		ADDED from [com.google.android.gms:play-services-base:9.0.2] AndroidManifest.xml:22:19-43
	android:theme
		ADDED from [com.google.android.gms:play-services-base:9.0.2] AndroidManifest.xml:21:19-78
	android:name
		ADDED from [com.google.android.gms:play-services-base:9.0.2] AndroidManifest.xml:20:19-85
provider#com.google.firebase.provider.FirebaseInitProvider
ADDED from [com.google.firebase:firebase-common:9.0.2] AndroidManifest.xml:7:9-11:39
	android:authorities
		ADDED from [com.google.firebase:firebase-common:9.0.2] AndroidManifest.xml:8:13-72
	android:exported
		ADDED from [com.google.firebase:firebase-common:9.0.2] AndroidManifest.xml:10:13-37
	android:initOrder
		ADDED from [com.google.firebase:firebase-common:9.0.2] AndroidManifest.xml:11:13-36
	android:name
		ADDED from [com.google.firebase:firebase-common:9.0.2] AndroidManifest.xml:9:13-58
meta-data#com.google.android.gms.version
ADDED from [com.google.android.gms:play-services-basement:9.0.2] AndroidManifest.xml:21:9-23:69
MERGED from [com.liferay.mobile:liferay-push:1.1.1] AndroidManifest.xml:11:9-14:45
MERGED from [com.liferay.mobile:liferay-push:1.1.1] AndroidManifest.xml:11:9-14:45
	tools:replace
		ADDED from [com.liferay.mobile:liferay-push:1.1.1] AndroidManifest.xml:14:13-42
	android:value
		ADDED from [com.google.android.gms:play-services-basement:9.0.2] AndroidManifest.xml:23:13-66
	android:name
		ADDED from [com.google.android.gms:play-services-basement:9.0.2] AndroidManifest.xml:22:13-58
activity#net.openid.appauth.RedirectUriReceiverActivity
ADDED from [com.liferay.mobile:liferay-android-sdk:7.1.3] AndroidManifest.xml:11:9-13:36
REJECTED from [net.openid:appauth:0.7.0] AndroidManifest.xml:32:9-43:20
	tools:node
		ADDED from [com.liferay.mobile:liferay-android-sdk:7.1.3] AndroidManifest.xml:13:13-33
	android:name